<?xml version="1.0" encoding="UTF-8"?>
<!-- Generated by org.testng.reporters.JUnitReportReporter -->
<testsuite hostname="LAPTOP-AVHKPG7J" failures="0" tests="4" name="parallelScripts1.SampleThreeTest3" time="0.003" errors="0" timestamp="2024-04-28T12:22:39 IST" skipped="0">
  <testcase classname="parallelScripts1.SampleThreeTest3" name="testOne" time="0.000"/>
  <system-out/>
  <testcase classname="parallelScripts1.SampleThreeTest3" name="testTwo" time="0.002"/>
  <system-out/>
  <testcase classname="parallelScripts1.SampleThreeTest3" name="testFour" time="0.000"/>
  <system-out/>
  <testcase classname="parallelScripts1.SampleThreeTest3" name="testThree" time="0.001"/>
  <system-out/>
</testsuite> <!-- parallelScripts1.SampleThreeTest3 -->
