<?xml version="1.0" encoding="UTF-8"?>
<!-- Generated by org.testng.reporters.JUnitReportReporter -->
<testsuite hostname="LAPTOP-AVHKPG7J" failures="0" tests="3" name="testScripts.PriorityOrderTest1" time="7.294" errors="0" timestamp="2024-04-28T11:35:25 IST" skipped="1">
  <testcase classname="testScripts.PriorityOrderTest1" name="SeleniumSearchTest" time="3.161"/>
  <system-out/>
  <testcase classname="testScripts.PriorityOrderTest1" name="javaSearchTest" time="4.133"/>
  <system-out/>
  <testcase classname="testScripts.PriorityOrderTest1" name="CucumberSearchTest">
    <skipped/>
  </testcase> <!-- CucumberSearchTest -->
  <system-out/>
</testsuite> <!-- testScripts.PriorityOrderTest1 -->
