<?xml version="1.0" encoding="UTF-8"?>
<!-- Generated by org.testng.reporters.JUnitReportReporter -->
<testsuite hostname="LAPTOP-AVHKPG7J" failures="0" tests="1" name="TestNGScripts.SampleTwoTest" time="0.001" errors="0" timestamp="2024-04-28T12:04:51 IST" skipped="0">
  <testcase classname="TestNGScripts.SampleTwoTest" name="testTwo" time="0.001"/>
  <system-out/>
</testsuite> <!-- TestNGScripts.SampleTwoTest -->
